2024-10-24 19:27:07,886 - WARNING - No metadata found for /workspace/audio/audio_only_Ashley_Furniture_20241015_120004.wav
2024-10-24 19:27:13,782 - INFO - Created a temporary directory at /tmp/tmp312oxn10
2024-10-24 19:27:13,782 - INFO - Writing /tmp/tmp312oxn10/_remote_module_non_scriptable.py
2024-10-24 19:30:08,717 - INFO - Saved detailed transcript to /workspace/audio/audio-only/Ashley_Furniture_2024-10-15/audio_only_Ashley_Furniture_20241015_120004.json
2024-10-24 19:30:08,718 - INFO - Saved conversation format to /workspace/audio/audio-only/Ashley_Furniture_2024-10-15/audio_only_Ashley_Furniture_20241015_120004_conversation.json
2024-10-24 19:30:08,719 - INFO - Saved text format to /workspace/audio/audio-only/Ashley_Furniture_2024-10-15/audio_only_Ashley_Furniture_20241015_120004.txt
2024-10-24 19:30:08,721 - WARNING - No metadata found for /workspace/audio/audio_only_Chris_and_Catherine_one_on_one_20241015_105704.wav
2024-10-24 19:46:11,586 - WARNING - No metadata found for /workspace/audio/audio_only_Ashley_Furniture_20241015_120004.wav
2024-10-24 19:46:17,387 - INFO - Created a temporary directory at /tmp/tmph_t8emb8
2024-10-24 19:46:17,387 - INFO - Writing /tmp/tmph_t8emb8/_remote_module_non_scriptable.py
2024-10-24 19:49:12,479 - INFO - Saved detailed transcript to /workspace/audio/audio-only/Ashley_Furniture_2024-10-15/audio_only_Ashley_Furniture_20241015_120004.json
2024-10-24 19:49:12,480 - INFO - Saved conversation format to /workspace/audio/audio-only/Ashley_Furniture_2024-10-15/audio_only_Ashley_Furniture_20241015_120004_conversation.json
2024-10-24 19:49:12,480 - INFO - Saved text format to /workspace/audio/audio-only/Ashley_Furniture_2024-10-15/audio_only_Ashley_Furniture_20241015_120004.txt
2024-10-24 19:49:12,483 - WARNING - No metadata found for /workspace/audio/audio_only_Chris_and_Catherine_one_on_one_20241015_105704.wav
2024-10-24 19:50:44,379 - INFO - Saved detailed transcript to /workspace/audio/audio-only/Chris_and_Catherine_one_on_one_2024-10-15/audio_only_Chris_and_Catherine_one_on_one_20241015_105704.json
2024-10-24 19:50:44,380 - INFO - Saved conversation format to /workspace/audio/audio-only/Chris_and_Catherine_one_on_one_2024-10-15/audio_only_Chris_and_Catherine_one_on_one_20241015_105704_conversation.json
2024-10-24 19:50:44,381 - INFO - Saved text format to /workspace/audio/audio-only/Chris_and_Catherine_one_on_one_2024-10-15/audio_only_Chris_and_Catherine_one_on_one_20241015_105704.txt
2024-10-24 19:50:44,382 - WARNING - No metadata found for /workspace/audio/audio_only_Internal_MGIC_sync_20241015_093004.wav
2024-10-24 19:52:23,792 - INFO - Saved detailed transcript to /workspace/audio/audio-only/Internal_MGIC_sync_2024-10-15/audio_only_Internal_MGIC_sync_20241015_093004.json
2024-10-24 19:52:23,793 - INFO - Saved conversation format to /workspace/audio/audio-only/Internal_MGIC_sync_2024-10-15/audio_only_Internal_MGIC_sync_20241015_093004_conversation.json
2024-10-24 19:52:23,793 - INFO - Saved text format to /workspace/audio/audio-only/Internal_MGIC_sync_2024-10-15/audio_only_Internal_MGIC_sync_20241015_093004.txt
2024-10-24 19:52:23,794 - WARNING - No metadata found for /workspace/audio/audio_only_viken_chloe_and_chris_sync_20241015_143004.wav
2024-10-24 19:53:59,563 - INFO - Saved detailed transcript to /workspace/audio/audio-only/viken_chloe_and_chris_sync_2024-10-15/audio_only_viken_chloe_and_chris_sync_20241015_143004.json
2024-10-24 19:53:59,564 - INFO - Saved conversation format to /workspace/audio/audio-only/viken_chloe_and_chris_sync_2024-10-15/audio_only_viken_chloe_and_chris_sync_20241015_143004_conversation.json
2024-10-24 19:53:59,564 - INFO - Saved text format to /workspace/audio/audio-only/viken_chloe_and_chris_sync_2024-10-15/audio_only_viken_chloe_and_chris_sync_20241015_143004.txt
2024-10-24 20:05:04,798 - WARNING - No metadata found for /workspace/audio/audio_only_Ashley_Furniture_20241015_120004.wav
2024-10-24 20:05:10,924 - INFO - Created a temporary directory at /tmp/tmpqqlwc9uw
2024-10-24 20:05:10,924 - INFO - Writing /tmp/tmpqqlwc9uw/_remote_module_non_scriptable.py
2024-10-24 21:21:39,579 - WARNING - No metadata found for /workspace/audio/audio_only_Ashley_Furniture_20241015_120004.wav
2024-10-24 21:23:17,027 - WARNING - No metadata found for /workspace/audio/audio_only_Ashley_Furniture_20241015_120004.wav
2024-10-24 21:23:22,944 - INFO - Created a temporary directory at /tmp/tmp1vdzwlsm
2024-10-24 21:23:22,945 - INFO - Writing /tmp/tmp1vdzwlsm/_remote_module_non_scriptable.py
